device=cuda dataset=fmnist(real) clients=20 malicious=4 defense=fltrust attack=adaptive_ecf
round   1 | acc=0.0665 | bsr=0.000 | agg=0.03s | det_auroc=0.889 | tpr@5=0.00
round   2 | acc=0.1195 | bsr=0.000 | agg=0.03s | det_auroc=1.000 | tpr@5=1.00
round   3 | acc=0.3230 | bsr=0.003 | agg=0.03s | det_auroc=0.972 | tpr@5=0.50
round   4 | acc=0.4415 | bsr=0.024 | agg=0.04s | det_auroc=0.972 | tpr@5=0.50
round   5 | acc=0.5796 | bsr=0.021 | agg=0.04s | det_auroc=nan | tpr@5=nan
round   6 | acc=0.6471 | bsr=0.019 | agg=0.03s | det_auroc=0.947 | tpr@5=0.00
round   7 | acc=0.6558 | bsr=0.023 | agg=0.03s | det_auroc=1.000 | tpr@5=1.00
round   8 | acc=0.6726 | bsr=0.020 | agg=0.03s | det_auroc=1.000 | tpr@5=1.00
round   9 | acc=0.6697 | bsr=0.020 | agg=0.04s | det_auroc=nan | tpr@5=nan
round  10 | acc=0.6892 | bsr=0.022 | agg=0.04s | det_auroc=nan | tpr@5=nan
round  11 | acc=0.6856 | bsr=0.022 | agg=0.04s | det_auroc=nan | tpr@5=nan
round  12 | acc=0.6956 | bsr=0.024 | agg=0.04s | det_auroc=nan | tpr@5=nan
round  13 | acc=0.7078 | bsr=0.024 | agg=0.03s | det_auroc=0.974 | tpr@5=0.00
round  14 | acc=0.7137 | bsr=0.025 | agg=0.03s | det_auroc=nan | tpr@5=nan
round  15 | acc=0.7257 | bsr=0.026 | agg=0.04s | det_auroc=nan | tpr@5=nan
round  16 | acc=0.7339 | bsr=0.026 | agg=0.04s | det_auroc=nan | tpr@5=nan
round  17 | acc=0.7383 | bsr=0.026 | agg=0.03s | det_auroc=0.947 | tpr@5=0.00
round  18 | acc=0.7432 | bsr=0.027 | agg=0.04s | det_auroc=nan | tpr@5=nan
round  19 | acc=0.7434 | bsr=0.029 | agg=0.04s | det_auroc=0.842 | tpr@5=0.00
round  20 | acc=0.7467 | bsr=0.027 | agg=0.03s | det_auroc=1.000 | tpr@5=1.00
round  21 | acc=0.7496 | bsr=0.028 | agg=0.03s | det_auroc=0.947 | tpr@5=0.00
round  22 | acc=0.7540 | bsr=0.027 | agg=0.03s | det_auroc=0.974 | tpr@5=0.00
round  23 | acc=0.7551 | bsr=0.028 | agg=0.03s | det_auroc=0.875 | tpr@5=0.00
round  24 | acc=0.7579 | bsr=0.025 | agg=0.03s | det_auroc=0.972 | tpr@5=0.00
round  25 | acc=0.7590 | bsr=0.026 | agg=0.03s | det_auroc=0.875 | tpr@5=0.00
round  26 | acc=0.7608 | bsr=0.024 | agg=0.04s | det_auroc=nan | tpr@5=nan
round  27 | acc=0.7530 | bsr=0.027 | agg=0.03s | det_auroc=0.842 | tpr@5=0.00
round  28 | acc=0.7623 | bsr=0.026 | agg=0.03s | det_auroc=0.895 | tpr@5=0.00
round  29 | acc=0.7612 | bsr=0.025 | agg=0.03s | det_auroc=0.974 | tpr@5=0.00
round  30 | acc=0.7578 | bsr=0.025 | agg=0.03s | det_auroc=0.750 | tpr@5=0.00
round  31 | acc=0.7691 | bsr=0.026 | agg=0.03s | det_auroc=0.789 | tpr@5=0.00
round  32 | acc=0.7714 | bsr=0.027 | agg=0.04s | det_auroc=nan | tpr@5=nan
round  33 | acc=0.7716 | bsr=0.027 | agg=0.03s | det_auroc=0.971 | tpr@5=0.00
round  34 | acc=0.7732 | bsr=0.027 | agg=0.03s | det_auroc=0.921 | tpr@5=0.00
round  35 | acc=0.7754 | bsr=0.025 | agg=0.03s | det_auroc=0.974 | tpr@5=0.00
round  36 | acc=0.7703 | bsr=0.026 | agg=0.04s | det_auroc=nan | tpr@5=nan
round  37 | acc=0.7806 | bsr=0.025 | agg=0.03s | det_auroc=1.000 | tpr@5=1.00
round  38 | acc=0.7731 | bsr=0.027 | agg=0.03s | det_auroc=0.921 | tpr@5=0.00
round  39 | acc=0.7788 | bsr=0.027 | agg=0.03s | det_auroc=0.917 | tpr@5=0.00
round  40 | acc=0.7797 | bsr=0.027 | agg=0.03s | det_auroc=0.921 | tpr@5=0.00
round  41 | acc=0.7816 | bsr=0.024 | agg=0.03s | det_auroc=0.947 | tpr@5=0.00
round  42 | acc=0.7869 | bsr=0.026 | agg=0.04s | det_auroc=nan | tpr@5=nan
round  43 | acc=0.7881 | bsr=0.026 | agg=0.03s | det_auroc=0.921 | tpr@5=0.00
round  44 | acc=0.7833 | bsr=0.027 | agg=0.03s | det_auroc=nan | tpr@5=nan
round  45 | acc=0.7876 | bsr=0.025 | agg=0.03s | det_auroc=0.921 | tpr@5=0.00
round  46 | acc=0.7836 | bsr=0.027 | agg=0.03s | det_auroc=0.868 | tpr@5=0.00
round  47 | acc=0.7916 | bsr=0.026 | agg=0.03s | det_auroc=0.789 | tpr@5=0.00
round  48 | acc=0.7918 | bsr=0.027 | agg=0.04s | det_auroc=nan | tpr@5=nan
round  49 | acc=0.7930 | bsr=0.028 | agg=0.03s | det_auroc=0.917 | tpr@5=0.00
round  50 | acc=0.7967 | bsr=0.027 | agg=0.03s | det_auroc=0.947 | tpr@5=0.00
round  51 | acc=0.7962 | bsr=0.028 | agg=0.03s | det_auroc=0.526 | tpr@5=0.00
round  52 | acc=0.7945 | bsr=0.027 | agg=0.07s | det_auroc=nan | tpr@5=nan
round  53 | acc=0.7992 | bsr=0.025 | agg=0.03s | det_auroc=0.947 | tpr@5=0.00
round  54 | acc=0.7978 | bsr=0.028 | agg=0.04s | det_auroc=0.922 | tpr@5=0.00
round  55 | acc=0.7983 | bsr=0.027 | agg=0.03s | det_auroc=0.921 | tpr@5=0.00
round  56 | acc=0.7960 | bsr=0.026 | agg=0.03s | det_auroc=0.895 | tpr@5=0.00
round  57 | acc=0.8016 | bsr=0.026 | agg=0.03s | det_auroc=0.947 | tpr@5=0.00
round  58 | acc=0.7995 | bsr=0.027 | agg=0.04s | det_auroc=nan | tpr@5=nan
round  59 | acc=0.7982 | bsr=0.027 | agg=0.03s | det_auroc=0.895 | tpr@5=0.00
round  60 | acc=0.8007 | bsr=0.024 | agg=0.03s | det_auroc=0.944 | tpr@5=0.00
