device=cuda dataset=fmnist(real) clients=20 malicious=4 defense=ecf attack=adaptive_ecf
round   1 | acc=0.0648 | bsr=0.000 | agg=0.34s | det_auroc=0.889 | tpr@5=0.00
round   2 | acc=0.1093 | bsr=0.000 | agg=0.41s | det_auroc=0.806 | tpr@5=0.00
round   3 | acc=0.3191 | bsr=0.004 | agg=0.40s | det_auroc=0.917 | tpr@5=0.50
round   4 | acc=0.5109 | bsr=0.034 | agg=0.41s | det_auroc=0.917 | tpr@5=0.50
round   5 | acc=0.6269 | bsr=0.026 | agg=0.40s | det_auroc=nan | tpr@5=nan
round   6 | acc=0.6764 | bsr=0.023 | agg=0.41s | det_auroc=0.895 | tpr@5=0.00
round   7 | acc=0.6882 | bsr=0.026 | agg=0.39s | det_auroc=0.972 | tpr@5=0.50
round   8 | acc=0.6877 | bsr=0.026 | agg=0.40s | det_auroc=0.842 | tpr@5=0.00
round   9 | acc=0.6942 | bsr=0.028 | agg=0.40s | det_auroc=nan | tpr@5=nan
round  10 | acc=0.6917 | bsr=0.026 | agg=0.40s | det_auroc=nan | tpr@5=nan
round  11 | acc=0.7124 | bsr=0.026 | agg=0.40s | det_auroc=nan | tpr@5=nan
round  12 | acc=0.7144 | bsr=0.026 | agg=0.41s | det_auroc=nan | tpr@5=nan
round  13 | acc=0.7288 | bsr=0.027 | agg=0.40s | det_auroc=0.895 | tpr@5=0.00
round  14 | acc=0.7344 | bsr=0.026 | agg=0.41s | det_auroc=nan | tpr@5=nan
round  15 | acc=0.7359 | bsr=0.026 | agg=0.41s | det_auroc=nan | tpr@5=nan
round  16 | acc=0.7440 | bsr=0.026 | agg=0.41s | det_auroc=nan | tpr@5=nan
round  17 | acc=0.7472 | bsr=0.028 | agg=0.40s | det_auroc=0.895 | tpr@5=0.00
round  18 | acc=0.7502 | bsr=0.027 | agg=0.40s | det_auroc=nan | tpr@5=nan
round  19 | acc=0.7515 | bsr=0.029 | agg=0.48s | det_auroc=0.842 | tpr@5=0.00
round  20 | acc=0.7533 | bsr=0.030 | agg=0.41s | det_auroc=1.000 | tpr@5=1.00
round  21 | acc=0.7554 | bsr=0.031 | agg=0.49s | det_auroc=0.895 | tpr@5=0.00
round  22 | acc=0.7572 | bsr=0.032 | agg=0.51s | det_auroc=0.842 | tpr@5=0.00
round  23 | acc=0.7593 | bsr=0.031 | agg=0.49s | det_auroc=0.861 | tpr@5=0.00
round  24 | acc=0.7635 | bsr=0.032 | agg=0.48s | det_auroc=0.778 | tpr@5=0.50
round  25 | acc=0.7649 | bsr=0.031 | agg=0.44s | det_auroc=0.972 | tpr@5=0.50
round  26 | acc=0.7646 | bsr=0.030 | agg=0.49s | det_auroc=nan | tpr@5=nan
round  27 | acc=0.7681 | bsr=0.030 | agg=0.47s | det_auroc=0.895 | tpr@5=0.00
round  28 | acc=0.7698 | bsr=0.029 | agg=0.51s | det_auroc=0.895 | tpr@5=0.00
round  29 | acc=0.7725 | bsr=0.029 | agg=0.47s | det_auroc=0.789 | tpr@5=0.00
round  30 | acc=0.7730 | bsr=0.028 | agg=0.47s | det_auroc=0.806 | tpr@5=0.00
round  31 | acc=0.7750 | bsr=0.031 | agg=0.44s | det_auroc=0.895 | tpr@5=0.00
round  32 | acc=0.7777 | bsr=0.031 | agg=0.45s | det_auroc=nan | tpr@5=nan
round  33 | acc=0.7794 | bsr=0.032 | agg=0.47s | det_auroc=0.745 | tpr@5=0.00
round  34 | acc=0.7807 | bsr=0.033 | agg=0.42s | det_auroc=0.684 | tpr@5=0.00
round  35 | acc=0.7813 | bsr=0.033 | agg=0.47s | det_auroc=0.947 | tpr@5=0.00
round  36 | acc=0.7832 | bsr=0.034 | agg=0.50s | det_auroc=nan | tpr@5=nan
round  37 | acc=0.7849 | bsr=0.033 | agg=0.46s | det_auroc=0.947 | tpr@5=0.00
round  38 | acc=0.7878 | bsr=0.031 | agg=0.42s | det_auroc=0.947 | tpr@5=0.00
round  39 | acc=0.7885 | bsr=0.032 | agg=0.48s | det_auroc=0.611 | tpr@5=0.00
round  40 | acc=0.7896 | bsr=0.032 | agg=0.48s | det_auroc=0.947 | tpr@5=0.00
round  41 | acc=0.7917 | bsr=0.031 | agg=0.47s | det_auroc=1.000 | tpr@5=1.00
round  42 | acc=0.7928 | bsr=0.029 | agg=0.47s | det_auroc=nan | tpr@5=nan
round  43 | acc=0.7955 | bsr=0.029 | agg=0.48s | det_auroc=0.895 | tpr@5=0.00
round  44 | acc=0.7987 | bsr=0.029 | agg=0.47s | det_auroc=nan | tpr@5=nan
round  45 | acc=0.8002 | bsr=0.028 | agg=0.48s | det_auroc=0.789 | tpr@5=0.00
round  46 | acc=0.8028 | bsr=0.028 | agg=0.45s | det_auroc=1.000 | tpr@5=1.00
round  47 | acc=0.8020 | bsr=0.027 | agg=0.47s | det_auroc=0.895 | tpr@5=0.00
round  48 | acc=0.8045 | bsr=0.026 | agg=0.50s | det_auroc=nan | tpr@5=nan
round  49 | acc=0.8064 | bsr=0.027 | agg=0.48s | det_auroc=0.917 | tpr@5=0.50
round  50 | acc=0.8073 | bsr=0.029 | agg=0.48s | det_auroc=0.684 | tpr@5=0.00
round  51 | acc=0.8076 | bsr=0.029 | agg=0.50s | det_auroc=0.947 | tpr@5=0.00
round  52 | acc=0.8093 | bsr=0.029 | agg=0.47s | det_auroc=nan | tpr@5=nan
round  53 | acc=0.8108 | bsr=0.028 | agg=0.45s | det_auroc=0.947 | tpr@5=0.00
round  54 | acc=0.8134 | bsr=0.030 | agg=0.47s | det_auroc=0.843 | tpr@5=0.33
round  55 | acc=0.8150 | bsr=0.030 | agg=0.47s | det_auroc=0.684 | tpr@5=0.00
round  56 | acc=0.8156 | bsr=0.029 | agg=0.49s | det_auroc=0.947 | tpr@5=0.00
round  57 | acc=0.8157 | bsr=0.030 | agg=0.48s | det_auroc=0.842 | tpr@5=0.00
round  58 | acc=0.8181 | bsr=0.030 | agg=0.48s | det_auroc=nan | tpr@5=nan
round  59 | acc=0.8193 | bsr=0.029 | agg=0.45s | det_auroc=0.947 | tpr@5=0.00
round  60 | acc=0.8199 | bsr=0.030 | agg=0.48s | det_auroc=0.778 | tpr@5=0.00
