=== intermittent study start Wed Jun 24 03:11:47 UTC 2026 ===
[03:11:47] START p02/backdoor/multi_krum
[03:17:53] DONE  p02/backdoor/multi_krum -> round  60 | acc=0.8832 | bsr=0.011 | agg=0.81s | det_auroc=1.000 | tpr@5=1.00
[03:17:53] START p02/backdoor/fltrust
[03:23:16] DONE  p02/backdoor/fltrust -> round  60 | acc=0.8007 | bsr=0.024 | agg=0.04s | det_auroc=0.944 | tpr@5=0.00
[03:23:16] START p02/backdoor/ecf_cand_hg
[03:28:54] DONE  p02/backdoor/ecf_cand_hg -> round  60 | acc=0.8185 | bsr=0.030 | agg=0.15s | det_auroc=0.778 | tpr@5=0.00
[03:28:54] START p02/backdoor/ecf_cand_rg
[03:34:30] DONE  p02/backdoor/ecf_cand_rg -> round  60 | acc=0.8196 | bsr=0.030 | agg=0.15s | det_auroc=0.806 | tpr@5=0.00
[03:34:30] START p02/adaptive_ecf/multi_krum
[03:41:15] DONE  p02/adaptive_ecf/multi_krum -> round  60 | acc=0.8829 | bsr=0.011 | agg=0.79s | det_auroc=0.972 | tpr@5=0.50
[03:41:15] START p02/adaptive_ecf/fltrust
[03:47:18] DONE  p02/adaptive_ecf/fltrust -> round  60 | acc=0.8007 | bsr=0.024 | agg=0.03s | det_auroc=0.944 | tpr@5=0.00
[03:47:18] START p02/adaptive_ecf/ecf_cand_hg
[03:53:33] DONE  p02/adaptive_ecf/ecf_cand_hg -> round  60 | acc=0.8191 | bsr=0.031 | agg=0.11s | det_auroc=0.639 | tpr@5=0.00
[03:53:33] START p02/adaptive_ecf/ecf_cand_rg
[03:59:49] DONE  p02/adaptive_ecf/ecf_cand_rg -> round  60 | acc=0.8200 | bsr=0.031 | agg=0.12s | det_auroc=0.667 | tpr@5=0.00
[03:59:49] START p05/backdoor/multi_krum
[04:05:53] DONE  p05/backdoor/multi_krum -> round  60 | acc=0.8827 | bsr=0.013 | agg=0.79s | det_auroc=1.000 | tpr@5=1.00
[04:05:53] START p05/backdoor/fltrust
[04:11:58] DONE  p05/backdoor/fltrust -> round  60 | acc=0.7989 | bsr=0.026 | agg=0.03s | det_auroc=0.941 | tpr@5=0.00
[04:11:58] START p05/backdoor/ecf_cand_hg
[04:18:21] DONE  p05/backdoor/ecf_cand_hg -> round  60 | acc=0.8148 | bsr=0.042 | agg=0.16s | det_auroc=1.000 | tpr@5=1.00
[04:18:21] START p05/backdoor/ecf_cand_rg
[04:24:03] DONE  p05/backdoor/ecf_cand_rg -> round  60 | acc=0.8166 | bsr=0.042 | agg=0.14s | det_auroc=1.000 | tpr@5=1.00
[04:24:03] START p05/adaptive_ecf/multi_krum
[04:33:08] DONE  p05/adaptive_ecf/multi_krum -> round  60 | acc=0.8832 | bsr=0.077 | agg=0.80s | det_auroc=0.431 | tpr@5=0.00
[04:33:08] START p05/adaptive_ecf/fltrust
[04:39:56] DONE  p05/adaptive_ecf/fltrust -> round  60 | acc=0.7993 | bsr=0.026 | agg=0.03s | det_auroc=0.941 | tpr@5=0.00
[04:39:56] START p05/adaptive_ecf/ecf_cand_hg
[04:46:56] DONE  p05/adaptive_ecf/ecf_cand_hg -> round  60 | acc=0.8166 | bsr=0.046 | agg=0.11s | det_auroc=1.000 | tpr@5=1.00
[04:46:56] START p05/adaptive_ecf/ecf_cand_rg
[04:53:57] DONE  p05/adaptive_ecf/ecf_cand_rg -> round  60 | acc=0.8170 | bsr=0.048 | agg=0.11s | det_auroc=1.000 | tpr@5=1.00
[04:53:57] START p10/backdoor/multi_krum
[05:00:02] DONE  p10/backdoor/multi_krum -> round  60 | acc=0.8835 | bsr=0.014 | agg=0.80s | det_auroc=1.000 | tpr@5=1.00
[05:00:02] START p10/backdoor/fltrust
[05:05:26] DONE  p10/backdoor/fltrust -> round  60 | acc=0.7955 | bsr=0.034 | agg=0.03s | det_auroc=0.938 | tpr@5=0.00
[05:05:26] START p10/backdoor/ecf_cand_hg
[05:10:56] DONE  p10/backdoor/ecf_cand_hg -> round  60 | acc=0.8083 | bsr=0.039 | agg=0.16s | det_auroc=1.000 | tpr@5=1.00
[05:10:56] START p10/backdoor/ecf_cand_rg
[05:16:32] DONE  p10/backdoor/ecf_cand_rg -> round  60 | acc=0.8075 | bsr=0.038 | agg=0.15s | det_auroc=1.000 | tpr@5=1.00
[05:16:32] START p10/adaptive_ecf/multi_krum
[05:25:50] DONE  p10/adaptive_ecf/multi_krum -> round  60 | acc=0.8832 | bsr=0.659 | agg=0.84s | det_auroc=0.016 | tpr@5=0.00
[05:25:50] START p10/adaptive_ecf/fltrust
[05:34:33] DONE  p10/adaptive_ecf/fltrust -> round  60 | acc=0.7960 | bsr=0.036 | agg=0.03s | det_auroc=0.906 | tpr@5=0.00
[05:34:33] START p10/adaptive_ecf/ecf_cand_hg
[05:43:44] DONE  p10/adaptive_ecf/ecf_cand_hg -> round  60 | acc=0.8086 | bsr=0.039 | agg=0.41s | det_auroc=1.000 | tpr@5=1.00
[05:43:44] START p10/adaptive_ecf/ecf_cand_rg
[05:52:55] DONE  p10/adaptive_ecf/ecf_cand_rg -> round  60 | acc=0.8084 | bsr=0.039 | agg=0.40s | det_auroc=1.000 | tpr@5=1.00
=== parsing ===
wrote experiments/intermittent/summary.csv (24 rows)
=== ALL DONE Wed Jun 24 05:52:55 UTC 2026 ===
=== round_zoned follow-up start Wed Jun 24 05:53:41 UTC 2026 ===
=== round_zoned follow-up start Wed Jun 24 09:36:23 UTC 2026 ===
[09:36:23] START p02/backdoor/ecf_cand_rz
[09:43:27] DONE  p02/backdoor/ecf_cand_rz -> round  60 | acc=0.8193 | bsr=0.029 | agg=0.40s | det_auroc=0.722 | tpr@5=0.00
[09:43:27] START p02/adaptive_ecf/ecf_cand_rz
[09:51:41] DONE  p02/adaptive_ecf/ecf_cand_rz -> round  60 | acc=0.8199 | bsr=0.030 | agg=0.48s | det_auroc=0.778 | tpr@5=0.00
[09:51:41] START p05/backdoor/ecf_cand_rz
[09:59:26] DONE  p05/backdoor/ecf_cand_rz -> round  60 | acc=0.8158 | bsr=0.044 | agg=0.48s | det_auroc=1.000 | tpr@5=1.00
[09:59:26] START p05/adaptive_ecf/ecf_cand_rz
[10:08:44] DONE  p05/adaptive_ecf/ecf_cand_rz -> round  60 | acc=0.8164 | bsr=0.043 | agg=0.42s | det_auroc=1.000 | tpr@5=1.00
[10:08:44] START p10/backdoor/ecf_cand_rz
[10:16:28] DONE  p10/backdoor/ecf_cand_rz -> round  60 | acc=0.8084 | bsr=0.035 | agg=0.47s | det_auroc=1.000 | tpr@5=1.00
[10:16:28] START p10/adaptive_ecf/ecf_cand_rz
[10:26:39] DONE  p10/adaptive_ecf/ecf_cand_rz -> round  60 | acc=0.8085 | bsr=0.038 | agg=0.47s | det_auroc=1.000 | tpr@5=1.00
wrote experiments/intermittent/summary.csv (30 rows)
=== FOLLOWUP DONE Wed Jun 24 10:26:39 UTC 2026 ===
